生成启动时间为 2020/7/11 10:05:45。
     1>项目“C:\Users\Administrator\Desktop\Note\C\代码\CProject\CProject\CProject.vcxproj”在节点 2 上(Build 个目标)。
     1>ClCompile:
         C:\Program Files (x86)\Microsoft Visual Studio 12.0\VC\bin\CL.exe /c /Zi /nologo /W3 /WX- /Od /Oy- /D _MBCS /Gm /EHsc /RTC1 /MDd /GS /fp:precise /Zc:wchar_t /Zc:forScope /Fo"Debug\\" /Fd"Debug\vc120.pdb" /Gd /TC /analyze- /errorReport:prompt charArrDemo03.c muitlArrExercise01.c multiArrDemo01.c
         multiArrDemo01.c
         muitlArrExercise01.c
         charArrDemo03.c
         正在生成代码...
       Link:
         C:\Program Files (x86)\Microsoft Visual Studio 12.0\VC\bin\link.exe /ERRORREPORT:PROMPT /OUT:"C:\Users\Administrator\Desktop\Note\C\代码\CProject\Debug\CProject.exe" /INCREMENTAL /NOLOGO kernel32.lib user32.lib gdi32.lib winspool.lib comdlg32.lib advapi32.lib shell32.lib ole32.lib oleaut32.lib uuid.lib odbc32.lib odbccp32.lib /MANIFEST /MANIFESTUAC:"level='asInvoker' uiAccess='false'" /manifest:embed /DEBUG /PDB:"C:\Users\Administrator\Desktop\Note\C\代码\CProject\Debug\CProject.pdb" /TLBID:1 /DYNAMICBASE /NXCOMPAT /IMPLIB:"C:\Users\Administrator\Desktop\Note\C\代码\CProject\Debug\CProject.lib" /MACHINE:X86 Debug\addressPassDemo.obj
         Debug\allExercise01.obj
         Debug\allExercise02.obj
         Debug\arithmeticDemo.obj
         Debug\arithmeticExercise01.obj
         Debug\arithmeticExercise02.obj
         Debug\arrayDemo01.obj
         Debug\arrDemo02.obj
         Debug\arrDetail.obj
         Debug\arrExercise.obj
         Debug\assignedOperator.obj
         Debug\basicToStr.obj
         Debug\binarySearch.obj
         Debug\boolDemo.obj
         Debug\breakDemo.obj
         Debug\breakExercise02.obj
         Debug\bubbleSort.obj
         Debug\callbackFun.obj
         Debug\catDemo.obj
         Debug\charArrDemo01.obj
         Debug\charArrDemo02.obj
         Debug\charArrDemo03.obj
         Debug\charArrDemo4.obj
         Debug\charArrDemo5.obj
         Debug\charDemo.obj
         Debug\constDemo01.obj
         Debug\constDemo02.obj
         Debug\constvsdefine01.obj
         Debug\constvsdefine02.obj
         Debug\continueDemo01.obj
         Debug\continueExercise.obj
         Debug\customerManage.obj
         Debug\debugDemo.obj
         Debug\debugDemo02.obj
         Debug\debugDemo04.obj
         Debug\debugDemo3.obj
         Debug\doWhileDemo.obj
         Debug\doWhileExercise.obj
         Debug\enumDemo.obj
         Debug\enumDemo02.obj
         Debug\enumSwitchDemo.obj
         Debug\exercise01.obj
         Debug\exercise02.obj
         Debug\exercise03.obj
         Debug\file01.obj
         Debug\file02.obj
         Debug\file03.obj
         Debug\file04.obj
         Debug\fileDemo01.obj
         Debug\fileDemo02.obj
         Debug\fileDemo03.obj
         Debug\fileDemo04.obj
         Debug\fileDemo05.obj
         Debug\floatdoubleDemo.obj
         Debug\forceTypeTransfer.obj
         Debug\forDemo01.obj
         Debug\forExercise01.obj
         Debug\funcDemo01.obj
         Debug\funcExercise01.obj
         Debug\funcTheory.obj
         Debug\funDetailExercise.obj
         Debug\funDetails.obj
         Debug\funPointer.obj
         Debug\funVsDefine.obj
         Debug\gotoDemo.obj
         Debug\hello.obj
         Debug\ifDemo.obj
         Debug\ifelseDemo.obj
         Debug\ifelseExercise.obj
         Debug\inputDemo.obj
         Debug\intDemo.obj
         Debug\intDetail.obj
         Debug\logicOperator.obj
         Debug\mallocDemo.obj
         Debug\memberNotice.obj
         Debug\muitlArrExercise01.obj
         Debug\muitlPointerDemo.obj
         Debug\mulOperator.obj
         Debug\multiArrDemo01.obj
         Debug\multiForExercise01.obj
         Debug\multiForExercise02.obj
         Debug\multiIfElse.obj
         Debug\multiIfElse02.obj
         Debug\multiParameterFun.obj
         Debug\myAccount.obj
         Debug\myAccount2.obj
         Debug\myExercise.obj
         Debug\myfun.obj
         Debug\nestedIfElse.obj
         Debug\nullPointer.obj
         Debug\operatorDemo.obj
         Debug\parameterDefine.obj
         Debug\pointer.obj
         Debug\pointerArr01.obj
         Debug\pointerArrCase.obj
         Debug\pointerCompare.obj
         Debug\pointerCompare02.obj
         Debug\pointerDemo01.obj
         Debug\pointerDemo02.obj
         Debug\pointerDemo03.obj
         Debug\pointerExercise01.obj
         Debug\pointerPassDemo01.obj
         Debug\pointerPassDemo02.obj
         Debug\preProcessDemo01.obj
         Debug\recursionDemo01.obj
         Debug\recursionExercise.obj
         Debug\returnPointerExercise.obj
         Debug\returnPointerFun.obj
         Debug\returnPointerFunDetail.obj
         Debug\searchSeq.obj
         Debug\stars.obj
         Debug\staticDemo.obj
         Debug\strFun.obj
         Debug\strToBasic.obj
         Debug\structExercise01.obj
         Debug\structMemberDemo02.obj
         Debug\stuAndTeacher.obj
         Debug\studensScore.obj
         Debug\switchDemo.obj
         Debug\switchExercise.obj
         Debug\test.obj
         Debug\timeDemo01.obj
         Debug\typeTransfer.obj
         Debug\unionDemo01.obj
         Debug\varDemo01.obj
         Debug\varDetail.obj
         Debug\varExercise01.obj
         Debug\varExercise02.obj
         Debug\varInitDemo.obj
         Debug\varScope01.obj
         Debug\visitorTicket.obj
         Debug\whileDemo.obj
         Debug\whileExercise.obj
         CProject.vcxproj -> C:\Users\Administrator\Desktop\Note\C\代码\CProject\Debug\CProject.exe
     1>已完成生成项目“C:\Users\Administrator\Desktop\Note\C\代码\CProject\CProject\CProject.vcxproj”(Build 个目标)的操作。

生成成功。

已用时间 00:00:01.18
