c:\users\administrator\documents\visual studio 2010\projects\cproject\cproject\debug\vc100.pdb
c:\users\administrator\desktop\尚硅谷 韩顺平 高校大学生c语言课程相关资料\代码\cproject\cproject\debug\vc100.pdb
c:\users\administrator\desktop\note\c\代码\cproject\cproject\debug\addresspassdemo.obj
c:\users\administrator\desktop\note\c\代码\cproject\cproject\debug\continueexercise.obj
c:\users\administrator\desktop\note\c\代码\cproject\cproject\debug\exercise03.obj
c:\users\administrator\desktop\note\c\代码\cproject\cproject\debug\functheory.obj
c:\users\administrator\desktop\note\c\代码\cproject\cproject\debug\fundetailexercise.obj
c:\users\administrator\desktop\note\c\代码\cproject\cproject\debug\vc100.pdb
c:\users\administrator\desktop\note\c\代码\cproject\cproject\debug\strtobasic.obj
c:\users\administrator\desktop\note\c\代码\cproject\cproject\debug\structexercise01.obj
c:\users\administrator\desktop\note\c\代码\cproject\cproject\debug\structmemberdemo02.obj
c:\users\administrator\desktop\note\c\代码\cproject\cproject\debug\stuandteacher.obj
c:\users\administrator\desktop\note\c\代码\cproject\cproject\debug\studensscore.obj
c:\users\administrator\desktop\note\c\代码\cproject\cproject\debug\switchdemo.obj
c:\users\administrator\desktop\note\c\代码\cproject\cproject\debug\switchexercise.obj
c:\users\administrator\desktop\note\c\代码\cproject\cproject\debug\test.obj
c:\users\administrator\desktop\note\c\代码\cproject\cproject\debug\timedemo01.obj
c:\users\administrator\desktop\note\c\代码\cproject\cproject\debug\typetransfer.obj
c:\users\administrator\desktop\note\c\代码\cproject\cproject\debug\uniondemo01.obj
c:\users\administrator\desktop\note\c\代码\cproject\cproject\debug\vardemo01.obj
c:\users\administrator\desktop\note\c\代码\cproject\cproject\debug\vardetail.obj
c:\users\administrator\desktop\note\c\代码\cproject\cproject\debug\varexercise01.obj
c:\users\administrator\desktop\note\c\代码\cproject\cproject\debug\varexercise02.obj
c:\users\administrator\desktop\note\c\代码\cproject\cproject\debug\varinitdemo.obj
c:\users\administrator\desktop\note\c\代码\cproject\cproject\debug\varscope01.obj
c:\users\administrator\desktop\note\c\代码\cproject\cproject\debug\visitorticket.obj
c:\users\administrator\desktop\note\c\代码\cproject\cproject\debug\whiledemo.obj
c:\users\administrator\desktop\note\c\代码\cproject\cproject\debug\whileexercise.obj
c:\users\administrator\desktop\note\c\代码\cproject\cproject\debug\pointerarr01.obj
c:\users\administrator\desktop\note\c\代码\cproject\cproject\debug\pointerarrcase.obj
c:\users\administrator\desktop\note\c\代码\cproject\cproject\debug\pointercompare.obj
c:\users\administrator\desktop\note\c\代码\cproject\cproject\debug\pointercompare02.obj
c:\users\administrator\desktop\note\c\代码\cproject\cproject\debug\pointerdemo01.obj
c:\users\administrator\desktop\note\c\代码\cproject\cproject\debug\pointerdemo02.obj
c:\users\administrator\desktop\note\c\代码\cproject\cproject\debug\pointerdemo03.obj
c:\users\administrator\desktop\note\c\代码\cproject\cproject\debug\pointerexercise01.obj
c:\users\administrator\desktop\note\c\代码\cproject\cproject\debug\pointerpassdemo01.obj
c:\users\administrator\desktop\note\c\代码\cproject\cproject\debug\pointerpassdemo02.obj
c:\users\administrator\desktop\note\c\代码\cproject\cproject\debug\preprocessdemo01.obj
c:\users\administrator\desktop\note\c\代码\cproject\cproject\debug\recursiondemo01.obj
c:\users\administrator\desktop\note\c\代码\cproject\cproject\debug\recursionexercise.obj
c:\users\administrator\desktop\note\c\代码\cproject\cproject\debug\returnpointerexercise.obj
c:\users\administrator\desktop\note\c\代码\cproject\cproject\debug\returnpointerfun.obj
c:\users\administrator\desktop\note\c\代码\cproject\cproject\debug\returnpointerfundetail.obj
c:\users\administrator\desktop\note\c\代码\cproject\cproject\debug\searchseq.obj
c:\users\administrator\desktop\note\c\代码\cproject\cproject\debug\stars.obj
c:\users\administrator\desktop\note\c\代码\cproject\cproject\debug\staticdemo.obj
c:\users\administrator\desktop\note\c\代码\cproject\cproject\debug\strfun.obj
c:\users\administrator\desktop\note\c\代码\cproject\cproject\debug\mallocdemo.obj
c:\users\administrator\desktop\note\c\代码\cproject\cproject\debug\membernotice.obj
c:\users\administrator\desktop\note\c\代码\cproject\cproject\debug\muitlarrexercise01.obj
c:\users\administrator\desktop\note\c\代码\cproject\cproject\debug\muitlpointerdemo.obj
c:\users\administrator\desktop\note\c\代码\cproject\cproject\debug\muloperator.obj
c:\users\administrator\desktop\note\c\代码\cproject\cproject\debug\multiarrdemo01.obj
c:\users\administrator\desktop\note\c\代码\cproject\cproject\debug\multiforexercise01.obj
c:\users\administrator\desktop\note\c\代码\cproject\cproject\debug\multiforexercise02.obj
c:\users\administrator\desktop\note\c\代码\cproject\cproject\debug\multiifelse.obj
c:\users\administrator\desktop\note\c\代码\cproject\cproject\debug\multiifelse02.obj
c:\users\administrator\desktop\note\c\代码\cproject\cproject\debug\multiparameterfun.obj
c:\users\administrator\desktop\note\c\代码\cproject\cproject\debug\myaccount.obj
c:\users\administrator\desktop\note\c\代码\cproject\cproject\debug\myaccount2.obj
c:\users\administrator\desktop\note\c\代码\cproject\cproject\debug\myexercise.obj
c:\users\administrator\desktop\note\c\代码\cproject\cproject\debug\myfun.obj
c:\users\administrator\desktop\note\c\代码\cproject\cproject\debug\nestedifelse.obj
c:\users\administrator\desktop\note\c\代码\cproject\cproject\debug\nullpointer.obj
c:\users\administrator\desktop\note\c\代码\cproject\cproject\debug\operatordemo.obj
c:\users\administrator\desktop\note\c\代码\cproject\cproject\debug\parameterdefine.obj
c:\users\administrator\desktop\note\c\代码\cproject\cproject\debug\pointer.obj
c:\users\administrator\desktop\note\c\代码\cproject\cproject\debug\filedemo04.obj
c:\users\administrator\desktop\note\c\代码\cproject\cproject\debug\filedemo05.obj
c:\users\administrator\desktop\note\c\代码\cproject\cproject\debug\floatdoubledemo.obj
c:\users\administrator\desktop\note\c\代码\cproject\cproject\debug\forcetypetransfer.obj
c:\users\administrator\desktop\note\c\代码\cproject\cproject\debug\fordemo01.obj
c:\users\administrator\desktop\note\c\代码\cproject\cproject\debug\forexercise01.obj
c:\users\administrator\desktop\note\c\代码\cproject\cproject\debug\funcdemo01.obj
c:\users\administrator\desktop\note\c\代码\cproject\cproject\debug\funcexercise01.obj
c:\users\administrator\desktop\note\c\代码\cproject\cproject\debug\fundetails.obj
c:\users\administrator\desktop\note\c\代码\cproject\cproject\debug\funpointer.obj
c:\users\administrator\desktop\note\c\代码\cproject\cproject\debug\funvsdefine.obj
c:\users\administrator\desktop\note\c\代码\cproject\cproject\debug\gotodemo.obj
c:\users\administrator\desktop\note\c\代码\cproject\cproject\debug\hello.obj
c:\users\administrator\desktop\note\c\代码\cproject\cproject\debug\ifdemo.obj
c:\users\administrator\desktop\note\c\代码\cproject\cproject\debug\ifelsedemo.obj
c:\users\administrator\desktop\note\c\代码\cproject\cproject\debug\ifelseexercise.obj
c:\users\administrator\desktop\note\c\代码\cproject\cproject\debug\inputdemo.obj
c:\users\administrator\desktop\note\c\代码\cproject\cproject\debug\intdemo.obj
c:\users\administrator\desktop\note\c\代码\cproject\cproject\debug\intdetail.obj
c:\users\administrator\desktop\note\c\代码\cproject\cproject\debug\logicoperator.obj
c:\users\administrator\desktop\note\c\代码\cproject\cproject\debug\sparsearray2.obj
c:\users\administrator\desktop\note\c\代码\cproject\cproject\debug\sparsearray.obj
c:\users\administrator\desktop\note\c\代码\cproject\cproject\debug\debugdemo.obj
c:\users\administrator\desktop\note\c\代码\cproject\cproject\debug\debugdemo02.obj
c:\users\administrator\desktop\note\c\代码\cproject\cproject\debug\debugdemo04.obj
c:\users\administrator\desktop\note\c\代码\cproject\cproject\debug\debugdemo3.obj
c:\users\administrator\desktop\note\c\代码\cproject\cproject\debug\dowhiledemo.obj
c:\users\administrator\desktop\note\c\代码\cproject\cproject\debug\dowhileexercise.obj
c:\users\administrator\desktop\note\c\代码\cproject\cproject\debug\enumdemo.obj
c:\users\administrator\desktop\note\c\代码\cproject\cproject\debug\enumdemo02.obj
c:\users\administrator\desktop\note\c\代码\cproject\cproject\debug\enumswitchdemo.obj
c:\users\administrator\desktop\note\c\代码\cproject\cproject\debug\exercise01.obj
c:\users\administrator\desktop\note\c\代码\cproject\cproject\debug\exercise02.obj
c:\users\administrator\desktop\note\c\代码\cproject\cproject\debug\file01.obj
c:\users\administrator\desktop\note\c\代码\cproject\cproject\debug\file02.obj
c:\users\administrator\desktop\note\c\代码\cproject\cproject\debug\file03.obj
c:\users\administrator\desktop\note\c\代码\cproject\cproject\debug\file04.obj
c:\users\administrator\desktop\note\c\代码\cproject\cproject\debug\filedemo01.obj
c:\users\administrator\desktop\note\c\代码\cproject\cproject\debug\filedemo02.obj
c:\users\administrator\desktop\note\c\代码\cproject\cproject\debug\filedemo03.obj
c:\users\administrator\desktop\note\c\代码\cproject\cproject\debug\basictostr.obj
c:\users\administrator\desktop\note\c\代码\cproject\cproject\debug\binarysearch.obj
c:\users\administrator\desktop\note\c\代码\cproject\cproject\debug\booldemo.obj
c:\users\administrator\desktop\note\c\代码\cproject\cproject\debug\breakdemo.obj
c:\users\administrator\desktop\note\c\代码\cproject\cproject\debug\breakexercise02.obj
c:\users\administrator\desktop\note\c\代码\cproject\cproject\debug\bubblesort.obj
c:\users\administrator\desktop\note\c\代码\cproject\cproject\debug\callbackfun.obj
c:\users\administrator\desktop\note\c\代码\cproject\cproject\debug\catdemo.obj
c:\users\administrator\desktop\note\c\代码\cproject\cproject\debug\chararrdemo01.obj
c:\users\administrator\desktop\note\c\代码\cproject\cproject\debug\chararrdemo02.obj
c:\users\administrator\desktop\note\c\代码\cproject\cproject\debug\chararrdemo03.obj
c:\users\administrator\desktop\note\c\代码\cproject\cproject\debug\chararrdemo4.obj
c:\users\administrator\desktop\note\c\代码\cproject\cproject\debug\chararrdemo5.obj
c:\users\administrator\desktop\note\c\代码\cproject\cproject\debug\chardemo.obj
c:\users\administrator\desktop\note\c\代码\cproject\cproject\debug\constdemo01.obj
c:\users\administrator\desktop\note\c\代码\cproject\cproject\debug\constdemo02.obj
c:\users\administrator\desktop\note\c\代码\cproject\cproject\debug\constvsdefine01.obj
c:\users\administrator\desktop\note\c\代码\cproject\cproject\debug\constvsdefine02.obj
c:\users\administrator\desktop\note\c\代码\cproject\cproject\debug\continuedemo01.obj
c:\users\administrator\desktop\note\c\代码\cproject\cproject\debug\customermanage.obj
c:\users\administrator\desktop\note\c\代码\cproject\cproject\debug\allexercise01.obj
c:\users\administrator\desktop\note\c\代码\cproject\cproject\debug\allexercise02.obj
c:\users\administrator\desktop\note\c\代码\cproject\cproject\debug\arithmeticdemo.obj
c:\users\administrator\desktop\note\c\代码\cproject\cproject\debug\arithmeticexercise01.obj
c:\users\administrator\desktop\note\c\代码\cproject\cproject\debug\arithmeticexercise02.obj
c:\users\administrator\desktop\note\c\代码\cproject\cproject\debug\arraydemo01.obj
c:\users\administrator\desktop\note\c\代码\cproject\cproject\debug\arrdemo02.obj
c:\users\administrator\desktop\note\c\代码\cproject\cproject\debug\arrdetail.obj
c:\users\administrator\desktop\note\c\代码\cproject\cproject\debug\arrexercise.obj
c:\users\administrator\desktop\note\c\代码\cproject\cproject\debug\assignedoperator.obj
c:\users\administrator\desktop\note\c\代码\cproject\debug\cproject.ilk
c:\users\administrator\desktop\note\c\代码\cproject\debug\cproject.exe
c:\users\administrator\desktop\note\c\代码\cproject\cproject\debug\cproject.exe.intermediate.manifest
c:\users\administrator\desktop\note\c\代码\cproject\debug\cproject.pdb
c:\users\administrator\desktop\note\c\代码\cproject\cproject\debug\vc120.pdb
c:\users\administrator\desktop\note\c\代码\cproject\cproject\debug\vc120.idb
c:\users\administrator\desktop\note\c\代码\cproject\cproject\debug\cproject.vcxprojresolveassemblyreference.cache
c:\users\administrator\desktop\note\c\代码\cproject\cproject\debug\definedemo.obj
c:\users\administrator\desktop\note\c\代码\cproject\cproject\debug\cl.command.1.tlog
c:\users\administrator\desktop\note\c\代码\cproject\cproject\debug\cl.read.1.tlog
c:\users\administrator\desktop\note\c\代码\cproject\cproject\debug\cl.write.1.tlog
c:\users\administrator\desktop\note\c\代码\cproject\cproject\debug\cproject.write.1.tlog
c:\users\administrator\desktop\note\c\代码\cproject\cproject\debug\link.command.1.tlog
c:\users\administrator\desktop\note\c\代码\cproject\cproject\debug\link.read.1.tlog
c:\users\administrator\desktop\note\c\代码\cproject\cproject\debug\link.write.1.tlog
c:\users\administrator\desktop\note\c\代码\cproject\cproject\debug\mt.command.1.tlog
c:\users\administrator\desktop\note\c\代码\cproject\cproject\debug\mt.read.1.tlog
c:\users\administrator\desktop\note\c\代码\cproject\cproject\debug\mt.write.1.tlog
c:\users\administrator\desktop\note\c\代码\cproject\cproject\debug\cproject.tlog\cl.command.1.tlog
c:\users\administrator\desktop\note\c\代码\cproject\cproject\debug\cproject.tlog\cl.read.1.tlog
c:\users\administrator\desktop\note\c\代码\cproject\cproject\debug\cproject.tlog\cl.write.1.tlog
c:\users\administrator\desktop\note\c\代码\cproject\cproject\debug\cproject.tlog\link-cvtres.read.1.tlog
c:\users\administrator\desktop\note\c\代码\cproject\cproject\debug\cproject.tlog\link-cvtres.write.1.tlog
c:\users\administrator\desktop\note\c\代码\cproject\cproject\debug\cproject.tlog\link-rc.read.1.tlog
c:\users\administrator\desktop\note\c\代码\cproject\cproject\debug\cproject.tlog\link-rc.write.1.tlog
c:\users\administrator\desktop\note\c\代码\cproject\cproject\debug\cproject.tlog\link.command.1.tlog
c:\users\administrator\desktop\note\c\代码\cproject\cproject\debug\cproject.tlog\link.read.1.tlog
c:\users\administrator\desktop\note\c\代码\cproject\cproject\debug\cproject.tlog\link.write.1.tlog
